Labirintul este urmatorul!

0 0 0 0 -3 0 0 0 0 0 0 0 0 -3 0 
0 0 0 0 0 0 0 0 0 -3 0 0 0 0 0 
0 0 0 0 0 0 0 0 0 0 0 0 0 0 0 
0 0 0 0 0 0 0 0 0 0 0 0 0 0 0 
0 0 0 0 0 -3 0 0 0 0 0 0 0 0 0 
0 -1 0 0 -1 0 0 0 0 0 0 0 0 0 0 
0 0 0 0 0 0 0 0 0 0 0 0 0 0 0 
0 0 0 -3 0 0 0 0 0 0 0 0 -3 0 0 
0 0 0 -1 0 0 0 0 0 0 0 0 0 0 0 
0 0 0 0 0 0 0 0 0 0 0 0 0 0 0 
0 0 0 0 0 0 0 0 0 -3 0 0 0 0 0 
0 -1 0 0 0 0 0 0 0 0 0 0 -1 -2 0 
0 0 0 -3 0 0 0 0 0 0 0 0 0 0 0 
0 -1 0 0 0 0 0 0 0 0 0 0 0 0 0 
0 0 0 0 0 0 0 0 0 0 0 0 0 0 0 

1 2 3 4 5 6 7 8 9 10 11 12 13 14 0 
0 28 27 26 25 24 23 22 21 20 19 18 17 16 15 
29 30 31 32 33 34 35 36 37 38 39 40 41 42 0 
0 56 55 54 53 52 51 50 49 48 47 46 45 44 43 
57 58 59 60 61 62 63 64 65 66 67 68 69 70 0 
0 -1 0 0 -1 0 79 78 77 76 75 74 73 72 71 
0 84 83 82 81 80 0 0 0 0 0 0 0 0 0 
85 86 87 88 89 90 91 92 93 94 95 96 97 98 0 
0 0 0 -1 0 108 107 106 105 104 103 102 101 100 99 
0 112 111 110 109 0 0 0 0 0 0 0 0 0 0 
113 114 115 116 117 118 119 120 121 122 123 124 125 126 0 
0 -1 0 0 0 0 0 0 0 0 0 0 -1 128 127 
0 0 0 -3 0 0 0 0 0 0 0 0 0 0 0 
0 -1 0 0 0 0 0 0 0 0 0 0 0 0 0 
0 0 0 0 0 0 0 0 0 0 0 0 0 0 0 
